\BOOKMARK [0][]{chapter*.3}{Preface}{}% 1
\BOOKMARK [-1][]{part.1}{I The genetic structure of populations}{}% 2
\BOOKMARK [0][]{chapter.1}{Genetic transmission in populations}{part.1}% 3
\BOOKMARK [0][]{chapter.2}{The Hardy-Weinberg Principle and estimating allele frequencies}{part.1}% 4
\BOOKMARK [0][]{chapter.3}{Inbreeding and self-fertilization}{part.1}% 5
\BOOKMARK [0][]{chapter.4}{Analyzing the genetic structure of populations}{part.1}% 6
\BOOKMARK [0][]{chapter.5}{Analyzing the genetic structure of populations: a Bayesian approach}{part.1}% 7
\BOOKMARK [0][]{chapter.6}{Analyzing the genetic structure of populations: individual assignment}{part.1}% 8
\BOOKMARK [0][]{chapter.7}{Two-locus population genetics}{part.1}% 9
\BOOKMARK [-1][]{part.2}{II The genetics of natural selection}{}% 10
\BOOKMARK [0][]{chapter.8}{The Genetics of Natural Selection}{part.2}% 11
\BOOKMARK [0][]{chapter.9}{Estimating viability}{part.2}% 12
\BOOKMARK [0][]{chapter.10}{Selection at one locus with many alleles, fertility selection, and sexual selection}{part.2}% 13
\BOOKMARK [-1][]{part.3}{III Genetic drift}{}% 14
\BOOKMARK [0][]{chapter.11}{Genetic Drift}{part.3}% 15
\BOOKMARK [0][]{chapter.12}{Mutation, Migration, and Genetic Drift}{part.3}% 16
\BOOKMARK [0][]{chapter.13}{Selection and genetic drift}{part.3}% 17
\BOOKMARK [0][]{chapter.14}{The Coalescent}{part.3}% 18
\BOOKMARK [-1][]{part.4}{IV Quantitative genetics}{}% 19
\BOOKMARK [0][]{chapter.15}{Introduction to quantitative genetics}{part.4}% 20
\BOOKMARK [0][]{chapter.16}{Resemblance among relatives}{part.4}% 21
\BOOKMARK [0][]{chapter.17}{Evolution of quantitative traits}{part.4}% 22
\BOOKMARK [0][]{chapter.18}{Selection on multiple characters}{part.4}% 23
\BOOKMARK [0][]{chapter.19}{Association mapping: the background from two-locus genetics}{part.4}% 24
\BOOKMARK [-1][]{part.5}{V Molecular evolution}{}% 25
\BOOKMARK [0][]{chapter.20}{Introduction to molecular population genetics}{part.5}% 26
\BOOKMARK [0][]{chapter.21}{Patterns of nucleotide and amino acid substitution}{part.5}% 27
\BOOKMARK [-1][]{part.6}{VI Phylogeography}{}% 28
\BOOKMARK [0][]{chapter.22}{AMOVA and Statistical phylogeography}{part.6}% 29
\BOOKMARK [0][]{chapter.23}{Population genomics}{part.6}% 30
\BOOKMARK [0][]{chapter.24}{Genetic structure of human populations in Great Britain}{part.6}% 31
\BOOKMARK [-1][]{part.7}{VII Old chapters, no longer updated}{}% 32
\BOOKMARK [0][]{chapter.25}{Testing Hardy-Weinberg}{part.7}% 33
